2023-03-30 14:26: Experiment log path in: C:\旧电脑文件\毕业相关\第二个模型\TATCN\TARGCN\model\experiments\PEMSD8\20230330142644
2023-03-30 14:26: Train Epoch 1: 0/167 Loss: 1006.451904
2023-03-30 14:26: Train Epoch 1: 20/167 Loss: 127.073311
2023-03-30 14:26: Train Epoch 1: 40/167 Loss: 64.834061
2023-03-30 14:26: Train Epoch 1: 60/167 Loss: 40.056511
2023-03-30 14:26: Train Epoch 1: 80/167 Loss: 35.278908
2023-03-30 14:27: Train Epoch 1: 100/167 Loss: 37.012775
2023-03-30 14:27: Train Epoch 1: 120/167 Loss: 36.105225
2023-03-30 14:27: Train Epoch 1: 140/167 Loss: 37.926796
2023-03-30 14:27: Train Epoch 1: 160/167 Loss: 38.440910
2023-03-30 14:27: **********Train Epoch 1: averaged Loss: 71.120854, tf_ratio: 1.000000
2023-03-30 14:27: **********Val Epoch 1: average Loss: 43.192068
2023-03-30 14:27: ******Current best model saved:model_para/PEMSD8/epoch_1.pth!
2023-03-30 14:27: Train Epoch 2: 0/167 Loss: 37.286934
2023-03-30 14:27: Train Epoch 2: 20/167 Loss: 38.452175
2023-03-30 14:27: Train Epoch 2: 40/167 Loss: 35.848656
2023-03-30 14:27: Train Epoch 2: 60/167 Loss: 35.701778
2023-03-30 14:27: Train Epoch 2: 80/167 Loss: 35.446762
2023-03-30 14:27: Train Epoch 2: 100/167 Loss: 35.910427
2023-03-30 14:27: Train Epoch 2: 120/167 Loss: 37.398346
2023-03-30 14:27: Train Epoch 2: 140/167 Loss: 35.248554
2023-03-30 14:27: Train Epoch 2: 160/167 Loss: 32.763859
2023-03-30 14:27: **********Train Epoch 2: averaged Loss: 36.331916, tf_ratio: 1.000000
2023-03-30 14:27: **********Val Epoch 2: average Loss: 41.125447
2023-03-30 14:27: ******Current best model saved:model_para/PEMSD8/epoch_2.pth!
2023-03-30 14:27: Train Epoch 3: 0/167 Loss: 37.225925
2023-03-30 14:27: Train Epoch 3: 20/167 Loss: 37.944656
2023-03-30 14:27: Train Epoch 3: 40/167 Loss: 36.853218
2023-03-30 14:27: Train Epoch 3: 60/167 Loss: 37.074608
2023-03-30 14:27: Train Epoch 3: 80/167 Loss: 35.019764
2023-03-30 14:27: Train Epoch 3: 100/167 Loss: 34.290318
2023-03-30 14:27: Train Epoch 3: 120/167 Loss: 34.210735
2023-03-30 14:28: Train Epoch 3: 140/167 Loss: 32.790298
2023-03-30 14:28: Train Epoch 3: 160/167 Loss: 35.724884
2023-03-30 14:28: **********Train Epoch 3: averaged Loss: 35.594863, tf_ratio: 1.000000
2023-03-30 14:28: **********Val Epoch 3: average Loss: 37.789462
2023-03-30 14:28: ******Current best model saved:model_para/PEMSD8/epoch_3.pth!
2023-03-30 14:28: Train Epoch 4: 0/167 Loss: 35.338291
