2023-03-30 10:56: Experiment log path in: C:\旧电脑文件\毕业相关\第二个模型\TATCN\TARGCN\model\experiments\PEMSD8\20230330105634
2023-03-30 10:56: Train Epoch 1: 0/167 Loss: 213.946350
2023-03-30 10:56: Train Epoch 1: 20/167 Loss: 150.309784
2023-03-30 10:56: Train Epoch 1: 40/167 Loss: 79.240616
2023-03-30 10:56: Train Epoch 1: 60/167 Loss: 43.283806
2023-03-30 10:56: Train Epoch 1: 80/167 Loss: 36.622124
2023-03-30 10:56: Train Epoch 1: 100/167 Loss: 31.944798
2023-03-30 10:56: Train Epoch 1: 120/167 Loss: 28.613234
2023-03-30 10:56: Train Epoch 1: 140/167 Loss: 28.632538
2023-03-30 10:56: Train Epoch 1: 160/167 Loss: 27.843893
2023-03-30 10:56: **********Train Epoch 1: averaged Loss: 67.165990, tf_ratio: 1.000000
2023-03-30 10:56: **********Val Epoch 1: average Loss: 29.290417
2023-03-30 10:56: ******Current best model saved:model_para/PEMSD8/epoch_1.pth!
2023-03-30 10:56: Train Epoch 2: 0/167 Loss: 28.474712
2023-03-30 10:56: Train Epoch 2: 20/167 Loss: 26.207598
2023-03-30 10:56: Train Epoch 2: 40/167 Loss: 28.199465
2023-03-30 10:56: Train Epoch 2: 60/167 Loss: 28.372156
2023-03-30 10:56: Train Epoch 2: 80/167 Loss: 26.150764
2023-03-30 10:56: Train Epoch 2: 100/167 Loss: 24.298477
2023-03-30 10:56: Train Epoch 2: 120/167 Loss: 27.583183
2023-03-30 10:57: Train Epoch 2: 140/167 Loss: 23.557650
2023-03-30 10:57: Train Epoch 2: 160/167 Loss: 24.692667
2023-03-30 10:57: **********Train Epoch 2: averaged Loss: 26.083744, tf_ratio: 1.000000
2023-03-30 10:57: **********Val Epoch 2: average Loss: 27.155647
2023-03-30 10:57: ******Current best model saved:model_para/PEMSD8/epoch_2.pth!
2023-03-30 10:57: Train Epoch 3: 0/167 Loss: 26.511370
2023-03-30 10:57: Train Epoch 3: 20/167 Loss: 24.667219
2023-03-30 10:57: Train Epoch 3: 40/167 Loss: 26.863480
2023-03-30 10:57: Train Epoch 3: 60/167 Loss: 24.649405
2023-03-30 10:57: Train Epoch 3: 80/167 Loss: 27.165039
2023-03-30 10:57: Train Epoch 3: 100/167 Loss: 26.114651
2023-03-30 10:57: Train Epoch 3: 120/167 Loss: 27.037546
